<?xml version="1.0" encoding="UTF-8"?>
<!-- Generated by org.testng.reporters.JUnitXMLReporter -->
<testsuite ignored="2" hostname="NX00605" failures="0" tests="1" name="Default test" time="18.699" errors="0" timestamp="2024-04-26T14:51:09 PKT">
  <testcase classname="TestcasePackage.LoginTestClass" name="TestcasetoVerifyLoginwithbothcorrectEmailandPassword" time="12.801"/>
  <testcase classname="TestcasePackage.LoginTestClass" name="TestcasetoVerifyLoginwith_bothWrongEmailandPassword" time="0.0">
    <ignored/>
  </testcase> <!-- TestcasetoVerifyLoginwith_bothWrongEmailandPassword -->
  <testcase classname="TestcasePackage.LoginTestClass" name="TestcasetoVerifyLoginwith_CorrectEmailandWrongPassword" time="0.0">
    <ignored/>
  </testcase> <!-- TestcasetoVerifyLoginwith_CorrectEmailandWrongPassword -->
</testsuite> <!-- Default test -->
